======================================================================
HTTP Vulnerability Test - 1000 Iterations
Framework: boofuzz (Industry Standard)
======================================================================

[Step 1/3] Starting HTTP server on 127.0.0.1:8080...
✓ HTTP server started successfully

[Step 2/3] Initializing boofuzz baseline fuzzer...
[32m2025-12-29 14:42:03 - BoofuzzBaseline - INFO - Initialized BoofuzzBaseline: pool_size=10, refresh_interval=10[0m
2025-12-29 14:42:03,662 - BoofuzzBaseline - INFO - Initialized BoofuzzBaseline: pool_size=10, refresh_interval=10
✓ Fuzzer initialized with 1000 iterations

[Step 3/3] Running 1000 iterations of HTTP fuzzing...
This will take approximately 10-15 minutes...
----------------------------------------------------------------------
[32m2025-12-29 14:42:03 - BoofuzzBaseline - INFO - Starting boofuzz_baseline fuzzing session with 1000 iterations[0m
2025-12-29 14:42:03,663 - BoofuzzBaseline - INFO - Starting boofuzz_baseline fuzzing session with 1000 iterations
[32m2025-12-29 14:42:03 - BoofuzzBaseline - INFO - [10/1000] crashes=2, CVEs=5, rate=74.21/s, elapsed=0s[0m
2025-12-29 14:42:03,797 - BoofuzzBaseline - INFO - [10/1000] crashes=2, CVEs=5, rate=74.21/s, elapsed=0s
[32m2025-12-29 14:42:05 - BoofuzzBaseline - INFO - [20/1000] crashes=4, CVEs=13, rate=8.81/s, elapsed=2s[0m
2025-12-29 14:42:05,934 - BoofuzzBaseline - INFO - [20/1000] crashes=4, CVEs=13, rate=8.81/s, elapsed=2s
[32m2025-12-29 14:42:06 - BoofuzzBaseline - INFO - [30/1000] crashes=6, CVEs=20, rate=12.45/s, elapsed=2s[0m
2025-12-29 14:42:06,073 - BoofuzzBaseline - INFO - [30/1000] crashes=6, CVEs=20, rate=12.45/s, elapsed=2s
[32m2025-12-29 14:42:06 - BoofuzzBaseline - INFO - [40/1000] crashes=7, CVEs=27, rate=15.76/s, elapsed=3s[0m
2025-12-29 14:42:06,201 - BoofuzzBaseline - INFO - [40/1000] crashes=7, CVEs=27, rate=15.76/s, elapsed=3s
[32m2025-12-29 14:42:06 - BoofuzzBaseline - INFO - [50/1000] crashes=8, CVEs=32, rate=18.69/s, elapsed=3s[0m
2025-12-29 14:42:06,338 - BoofuzzBaseline - INFO - [50/1000] crashes=8, CVEs=32, rate=18.69/s, elapsed=3s
[32m2025-12-29 14:42:06 - BoofuzzBaseline - INFO - [60/1000] crashes=8, CVEs=36, rate=21.38/s, elapsed=3s[0m
2025-12-29 14:42:06,469 - BoofuzzBaseline - INFO - [60/1000] crashes=8, CVEs=36, rate=21.38/s, elapsed=3s
[32m2025-12-29 14:42:06 - BoofuzzBaseline - INFO - [70/1000] crashes=12, CVEs=42, rate=23.82/s, elapsed=3s[0m
2025-12-29 14:42:06,601 - BoofuzzBaseline - INFO - [70/1000] crashes=12, CVEs=42, rate=23.82/s, elapsed=3s
[32m2025-12-29 14:42:06 - BoofuzzBaseline - INFO - [80/1000] crashes=13, CVEs=48, rate=26.05/s, elapsed=3s[0m
2025-12-29 14:42:06,734 - BoofuzzBaseline - INFO - [80/1000] crashes=13, CVEs=48, rate=26.05/s, elapsed=3s
[32m2025-12-29 14:42:06 - BoofuzzBaseline - INFO - [90/1000] crashes=14, CVEs=50, rate=28.12/s, elapsed=3s[0m
2025-12-29 14:42:06,863 - BoofuzzBaseline - INFO - [90/1000] crashes=14, CVEs=50, rate=28.12/s, elapsed=3s
[32m2025-12-29 14:42:06 - BoofuzzBaseline - INFO - [100/1000] crashes=15, CVEs=55, rate=29.98/s, elapsed=3s[0m
2025-12-29 14:42:06,998 - BoofuzzBaseline - INFO - [100/1000] crashes=15, CVEs=55, rate=29.98/s, elapsed=3s
[32m2025-12-29 14:42:07 - BoofuzzBaseline - INFO - [110/1000] crashes=17, CVEs=59, rate=31.71/s, elapsed=3s[0m
2025-12-29 14:42:07,132 - BoofuzzBaseline - INFO - [110/1000] crashes=17, CVEs=59, rate=31.71/s, elapsed=3s
[32m2025-12-29 14:42:09 - BoofuzzBaseline - INFO - [120/1000] crashes=19, CVEs=63, rate=21.40/s, elapsed=6s[0m
2025-12-29 14:42:09,271 - BoofuzzBaseline - INFO - [120/1000] crashes=19, CVEs=63, rate=21.40/s, elapsed=6s
[32m2025-12-29 14:42:09 - BoofuzzBaseline - INFO - [130/1000] crashes=19, CVEs=66, rate=22.64/s, elapsed=6s[0m
2025-12-29 14:42:09,404 - BoofuzzBaseline - INFO - [130/1000] crashes=19, CVEs=66, rate=22.64/s, elapsed=6s
[32m2025-12-29 14:42:09 - BoofuzzBaseline - INFO - [140/1000] crashes=21, CVEs=72, rate=23.83/s, elapsed=6s[0m
2025-12-29 14:42:09,537 - BoofuzzBaseline - INFO - [140/1000] crashes=21, CVEs=72, rate=23.83/s, elapsed=6s
[32m2025-12-29 14:42:09 - BoofuzzBaseline - INFO - [150/1000] crashes=22, CVEs=77, rate=24.97/s, elapsed=6s[0m
2025-12-29 14:42:09,670 - BoofuzzBaseline - INFO - [150/1000] crashes=22, CVEs=77, rate=24.97/s, elapsed=6s
[32m2025-12-29 14:42:09 - BoofuzzBaseline - INFO - [160/1000] crashes=24, CVEs=83, rate=26.07/s, elapsed=6s[0m
2025-12-29 14:42:09,800 - BoofuzzBaseline - INFO - [160/1000] crashes=24, CVEs=83, rate=26.07/s, elapsed=6s
[32m2025-12-29 14:42:09 - BoofuzzBaseline - INFO - [170/1000] crashes=26, CVEs=88, rate=27.09/s, elapsed=6s[0m
2025-12-29 14:42:09,938 - BoofuzzBaseline - INFO - [170/1000] crashes=26, CVEs=88, rate=27.09/s, elapsed=6s
[32m2025-12-29 14:42:10 - BoofuzzBaseline - INFO - [180/1000] crashes=28, CVEs=90, rate=28.10/s, elapsed=6s[0m
2025-12-29 14:42:10,068 - BoofuzzBaseline - INFO - [180/1000] crashes=28, CVEs=90, rate=28.10/s, elapsed=6s
[32m2025-12-29 14:42:10 - BoofuzzBaseline - INFO - [190/1000] crashes=29, CVEs=95, rate=29.08/s, elapsed=7s[0m
2025-12-29 14:42:10,197 - BoofuzzBaseline - INFO - [190/1000] crashes=29, CVEs=95, rate=29.08/s, elapsed=7s
[32m2025-12-29 14:42:10 - BoofuzzBaseline - INFO - [200/1000] crashes=29, CVEs=98, rate=30.01/s, elapsed=7s[0m
2025-12-29 14:42:10,327 - BoofuzzBaseline - INFO - [200/1000] crashes=29, CVEs=98, rate=30.01/s, elapsed=7s
[32m2025-12-29 14:42:10 - BoofuzzBaseline - INFO - [210/1000] crashes=30, CVEs=103, rate=30.89/s, elapsed=7s[0m
2025-12-29 14:42:10,460 - BoofuzzBaseline - INFO - [210/1000] crashes=30, CVEs=103, rate=30.89/s, elapsed=7s
[32m2025-12-29 14:42:10 - BoofuzzBaseline - INFO - [220/1000] crashes=31, CVEs=110, rate=31.75/s, elapsed=7s[0m
2025-12-29 14:42:10,593 - BoofuzzBaseline - INFO - [220/1000] crashes=31, CVEs=110, rate=31.75/s, elapsed=7s
[32m2025-12-29 14:42:10 - BoofuzzBaseline - INFO - [230/1000] crashes=32, CVEs=118, rate=32.57/s, elapsed=7s[0m
2025-12-29 14:42:10,725 - BoofuzzBaseline - INFO - [230/1000] crashes=32, CVEs=118, rate=32.57/s, elapsed=7s
[32m2025-12-29 14:42:10 - BoofuzzBaseline - INFO - [240/1000] crashes=32, CVEs=125, rate=33.33/s, elapsed=7s[0m
2025-12-29 14:42:10,864 - BoofuzzBaseline - INFO - [240/1000] crashes=32, CVEs=125, rate=33.33/s, elapsed=7s
[32m2025-12-29 14:42:10 - BoofuzzBaseline - INFO - [250/1000] crashes=33, CVEs=130, rate=34.09/s, elapsed=7s[0m
2025-12-29 14:42:10,995 - BoofuzzBaseline - INFO - [250/1000] crashes=33, CVEs=130, rate=34.09/s, elapsed=7s
[32m2025-12-29 14:42:11 - BoofuzzBaseline - INFO - [260/1000] crashes=35, CVEs=135, rate=34.82/s, elapsed=7s[0m
2025-12-29 14:42:11,129 - BoofuzzBaseline - INFO - [260/1000] crashes=35, CVEs=135, rate=34.82/s, elapsed=7s
[32m2025-12-29 14:42:11 - BoofuzzBaseline - INFO - [270/1000] crashes=35, CVEs=141, rate=35.58/s, elapsed=8s[0m
2025-12-29 14:42:11,252 - BoofuzzBaseline - INFO - [270/1000] crashes=35, CVEs=141, rate=35.58/s, elapsed=8s
[32m2025-12-29 14:42:11 - BoofuzzBaseline - INFO - [280/1000] crashes=36, CVEs=149, rate=36.27/s, elapsed=8s[0m
2025-12-29 14:42:11,383 - BoofuzzBaseline - INFO - [280/1000] crashes=36, CVEs=149, rate=36.27/s, elapsed=8s
[32m2025-12-29 14:42:11 - BoofuzzBaseline - INFO - [290/1000] crashes=38, CVEs=156, rate=36.93/s, elapsed=8s[0m
2025-12-29 14:42:11,515 - BoofuzzBaseline - INFO - [290/1000] crashes=38, CVEs=156, rate=36.93/s, elapsed=8s
[32m2025-12-29 14:42:11 - BoofuzzBaseline - INFO - [300/1000] crashes=40, CVEs=164, rate=37.55/s, elapsed=8s[0m
2025-12-29 14:42:11,652 - BoofuzzBaseline - INFO - [300/1000] crashes=40, CVEs=164, rate=37.55/s, elapsed=8s
[32m2025-12-29 14:42:11 - BoofuzzBaseline - INFO - [310/1000] crashes=42, CVEs=170, rate=38.15/s, elapsed=8s[0m
2025-12-29 14:42:11,789 - BoofuzzBaseline - INFO - [310/1000] crashes=42, CVEs=170, rate=38.15/s, elapsed=8s
[32m2025-12-29 14:42:11 - BoofuzzBaseline - INFO - [320/1000] crashes=44, CVEs=175, rate=38.77/s, elapsed=8s[0m
2025-12-29 14:42:11,917 - BoofuzzBaseline - INFO - [320/1000] crashes=44, CVEs=175, rate=38.77/s, elapsed=8s
[32m2025-12-29 14:42:12 - BoofuzzBaseline - INFO - [330/1000] crashes=47, CVEs=180, rate=39.32/s, elapsed=8s[0m
2025-12-29 14:42:12,055 - BoofuzzBaseline - INFO - [330/1000] crashes=47, CVEs=180, rate=39.32/s, elapsed=8s
[32m2025-12-29 14:42:14 - BoofuzzBaseline - INFO - [340/1000] crashes=50, CVEs=188, rate=32.26/s, elapsed=11s[0m
2025-12-29 14:42:14,201 - BoofuzzBaseline - INFO - [340/1000] crashes=50, CVEs=188, rate=32.26/s, elapsed=11s
[32m2025-12-29 14:42:14 - BoofuzzBaseline - INFO - [350/1000] crashes=52, CVEs=194, rate=32.77/s, elapsed=11s[0m
2025-12-29 14:42:14,342 - BoofuzzBaseline - INFO - [350/1000] crashes=52, CVEs=194, rate=32.77/s, elapsed=11s
[32m2025-12-29 14:42:14 - BoofuzzBaseline - INFO - [360/1000] crashes=52, CVEs=198, rate=33.32/s, elapsed=11s[0m
2025-12-29 14:42:14,468 - BoofuzzBaseline - INFO - [360/1000] crashes=52, CVEs=198, rate=33.32/s, elapsed=11s
[32m2025-12-29 14:42:14 - BoofuzzBaseline - INFO - [370/1000] crashes=55, CVEs=205, rate=33.82/s, elapsed=11s[0m
2025-12-29 14:42:14,603 - BoofuzzBaseline - INFO - [370/1000] crashes=55, CVEs=205, rate=33.82/s, elapsed=11s
[32m2025-12-29 14:42:14 - BoofuzzBaseline - INFO - [380/1000] crashes=58, CVEs=209, rate=34.30/s, elapsed=11s[0m
2025-12-29 14:42:14,740 - BoofuzzBaseline - INFO - [380/1000] crashes=58, CVEs=209, rate=34.30/s, elapsed=11s
[32m2025-12-29 14:42:14 - BoofuzzBaseline - INFO - [390/1000] crashes=62, CVEs=215, rate=34.77/s, elapsed=11s[0m
2025-12-29 14:42:14,881 - BoofuzzBaseline - INFO - [390/1000] crashes=62, CVEs=215, rate=34.77/s, elapsed=11s
[32m2025-12-29 14:42:15 - BoofuzzBaseline - INFO - [400/1000] crashes=63, CVEs=221, rate=35.23/s, elapsed=11s[0m
2025-12-29 14:42:15,016 - BoofuzzBaseline - INFO - [400/1000] crashes=63, CVEs=221, rate=35.23/s, elapsed=11s
[32m2025-12-29 14:42:15 - BoofuzzBaseline - INFO - [410/1000] crashes=64, CVEs=227, rate=35.70/s, elapsed=11s[0m
2025-12-29 14:42:15,149 - BoofuzzBaseline - INFO - [410/1000] crashes=64, CVEs=227, rate=35.70/s, elapsed=11s
[32m2025-12-29 14:42:15 - BoofuzzBaseline - INFO - [420/1000] crashes=67, CVEs=233, rate=36.14/s, elapsed=12s[0m
2025-12-29 14:42:15,285 - BoofuzzBaseline - INFO - [420/1000] crashes=67, CVEs=233, rate=36.14/s, elapsed=12s
[32m2025-12-29 14:42:15 - BoofuzzBaseline - INFO - [430/1000] crashes=69, CVEs=239, rate=36.57/s, elapsed=12s[0m
2025-12-29 14:42:15,420 - BoofuzzBaseline - INFO - [430/1000] crashes=69, CVEs=239, rate=36.57/s, elapsed=12s
[32m2025-12-29 14:42:15 - BoofuzzBaseline - INFO - [440/1000] crashes=70, CVEs=243, rate=37.01/s, elapsed=12s[0m
2025-12-29 14:42:15,551 - BoofuzzBaseline - INFO - [440/1000] crashes=70, CVEs=243, rate=37.01/s, elapsed=12s
[32m2025-12-29 14:42:15 - BoofuzzBaseline - INFO - [450/1000] crashes=70, CVEs=247, rate=37.45/s, elapsed=12s[0m
2025-12-29 14:42:15,678 - BoofuzzBaseline - INFO - [450/1000] crashes=70, CVEs=247, rate=37.45/s, elapsed=12s
[32m2025-12-29 14:42:15 - BoofuzzBaseline - INFO - [460/1000] crashes=70, CVEs=253, rate=37.90/s, elapsed=12s[0m
2025-12-29 14:42:15,800 - BoofuzzBaseline - INFO - [460/1000] crashes=70, CVEs=253, rate=37.90/s, elapsed=12s
[32m2025-12-29 14:42:15 - BoofuzzBaseline - INFO - [470/1000] crashes=73, CVEs=260, rate=38.30/s, elapsed=12s[0m
2025-12-29 14:42:15,936 - BoofuzzBaseline - INFO - [470/1000] crashes=73, CVEs=260, rate=38.30/s, elapsed=12s
[32m2025-12-29 14:42:16 - BoofuzzBaseline - INFO - [480/1000] crashes=75, CVEs=270, rate=38.69/s, elapsed=12s[0m
2025-12-29 14:42:16,069 - BoofuzzBaseline - INFO - [480/1000] crashes=75, CVEs=270, rate=38.69/s, elapsed=12s
[32m2025-12-29 14:42:16 - BoofuzzBaseline - INFO - [490/1000] crashes=77, CVEs=275, rate=39.09/s, elapsed=13s[0m
2025-12-29 14:42:16,198 - BoofuzzBaseline - INFO - [490/1000] crashes=77, CVEs=275, rate=39.09/s, elapsed=13s
[32m2025-12-29 14:42:16 - BoofuzzBaseline - INFO - [500/1000] crashes=78, CVEs=282, rate=39.48/s, elapsed=13s[0m
2025-12-29 14:42:16,328 - BoofuzzBaseline - INFO - [500/1000] crashes=78, CVEs=282, rate=39.48/s, elapsed=13s
[32m2025-12-29 14:42:16 - BoofuzzBaseline - INFO - [510/1000] crashes=80, CVEs=288, rate=39.86/s, elapsed=13s[0m
2025-12-29 14:42:16,458 - BoofuzzBaseline - INFO - [510/1000] crashes=80, CVEs=288, rate=39.86/s, elapsed=13s
[32m2025-12-29 14:42:16 - BoofuzzBaseline - INFO - [520/1000] crashes=81, CVEs=293, rate=40.22/s, elapsed=13s[0m
2025-12-29 14:42:16,591 - BoofuzzBaseline - INFO - [520/1000] crashes=81, CVEs=293, rate=40.22/s, elapsed=13s
[32m2025-12-29 14:42:16 - BoofuzzBaseline - INFO - [530/1000] crashes=82, CVEs=299, rate=40.57/s, elapsed=13s[0m
2025-12-29 14:42:16,726 - BoofuzzBaseline - INFO - [530/1000] crashes=82, CVEs=299, rate=40.57/s, elapsed=13s
[32m2025-12-29 14:42:16 - BoofuzzBaseline - INFO - [540/1000] crashes=84, CVEs=307, rate=40.92/s, elapsed=13s[0m
2025-12-29 14:42:16,860 - BoofuzzBaseline - INFO - [540/1000] crashes=84, CVEs=307, rate=40.92/s, elapsed=13s
[32m2025-12-29 14:42:16 - BoofuzzBaseline - INFO - [550/1000] crashes=85, CVEs=312, rate=41.27/s, elapsed=13s[0m
2025-12-29 14:42:16,989 - BoofuzzBaseline - INFO - [550/1000] crashes=85, CVEs=312, rate=41.27/s, elapsed=13s
[32m2025-12-29 14:42:17 - BoofuzzBaseline - INFO - [560/1000] crashes=86, CVEs=318, rate=41.63/s, elapsed=13s[0m
2025-12-29 14:42:17,115 - BoofuzzBaseline - INFO - [560/1000] crashes=86, CVEs=318, rate=41.63/s, elapsed=13s
[32m2025-12-29 14:42:17 - BoofuzzBaseline - INFO - [570/1000] crashes=88, CVEs=327, rate=41.96/s, elapsed=14s[0m
2025-12-29 14:42:17,247 - BoofuzzBaseline - INFO - [570/1000] crashes=88, CVEs=327, rate=41.96/s, elapsed=14s
[32m2025-12-29 14:42:17 - BoofuzzBaseline - INFO - [580/1000] crashes=93, CVEs=334, rate=42.28/s, elapsed=14s[0m
2025-12-29 14:42:17,379 - BoofuzzBaseline - INFO - [580/1000] crashes=93, CVEs=334, rate=42.28/s, elapsed=14s
[32m2025-12-29 14:42:17 - BoofuzzBaseline - INFO - [590/1000] crashes=96, CVEs=341, rate=42.57/s, elapsed=14s[0m
2025-12-29 14:42:17,521 - BoofuzzBaseline - INFO - [590/1000] crashes=96, CVEs=341, rate=42.57/s, elapsed=14s
[32m2025-12-29 14:42:17 - BoofuzzBaseline - INFO - [600/1000] crashes=98, CVEs=347, rate=42.85/s, elapsed=14s[0m
2025-12-29 14:42:17,663 - BoofuzzBaseline - INFO - [600/1000] crashes=98, CVEs=347, rate=42.85/s, elapsed=14s
[32m2025-12-29 14:42:17 - BoofuzzBaseline - INFO - [610/1000] crashes=98, CVEs=356, rate=43.18/s, elapsed=14s[0m
2025-12-29 14:42:17,790 - BoofuzzBaseline - INFO - [610/1000] crashes=98, CVEs=356, rate=43.18/s, elapsed=14s
[32m2025-12-29 14:42:17 - BoofuzzBaseline - INFO - [620/1000] crashes=100, CVEs=361, rate=43.48/s, elapsed=14s[0m
2025-12-29 14:42:17,921 - BoofuzzBaseline - INFO - [620/1000] crashes=100, CVEs=361, rate=43.48/s, elapsed=14s
[32m2025-12-29 14:42:18 - BoofuzzBaseline - INFO - [630/1000] crashes=101, CVEs=367, rate=43.79/s, elapsed=14s[0m
2025-12-29 14:42:18,048 - BoofuzzBaseline - INFO - [630/1000] crashes=101, CVEs=367, rate=43.79/s, elapsed=14s
[32m2025-12-29 14:42:18 - BoofuzzBaseline - INFO - [640/1000] crashes=105, CVEs=373, rate=44.08/s, elapsed=15s[0m
2025-12-29 14:42:18,183 - BoofuzzBaseline - INFO - [640/1000] crashes=105, CVEs=373, rate=44.08/s, elapsed=15s
[32m2025-12-29 14:42:18 - BoofuzzBaseline - INFO - [650/1000] crashes=105, CVEs=379, rate=44.37/s, elapsed=15s[0m
2025-12-29 14:42:18,311 - BoofuzzBaseline - INFO - [650/1000] crashes=105, CVEs=379, rate=44.37/s, elapsed=15s
[32m2025-12-29 14:42:18 - BoofuzzBaseline - INFO - [660/1000] crashes=106, CVEs=388, rate=44.65/s, elapsed=15s[0m
2025-12-29 14:42:18,445 - BoofuzzBaseline - INFO - [660/1000] crashes=106, CVEs=388, rate=44.65/s, elapsed=15s
[32m2025-12-29 14:42:18 - BoofuzzBaseline - INFO - [670/1000] crashes=107, CVEs=395, rate=44.91/s, elapsed=15s[0m
2025-12-29 14:42:18,581 - BoofuzzBaseline - INFO - [670/1000] crashes=107, CVEs=395, rate=44.91/s, elapsed=15s
[32m2025-12-29 14:42:18 - BoofuzzBaseline - INFO - [680/1000] crashes=110, CVEs=404, rate=45.15/s, elapsed=15s[0m
2025-12-29 14:42:18,722 - BoofuzzBaseline - INFO - [680/1000] crashes=110, CVEs=404, rate=45.15/s, elapsed=15s
[32m2025-12-29 14:42:18 - BoofuzzBaseline - INFO - [690/1000] crashes=110, CVEs=411, rate=45.42/s, elapsed=15s[0m
2025-12-29 14:42:18,854 - BoofuzzBaseline - INFO - [690/1000] crashes=110, CVEs=411, rate=45.42/s, elapsed=15s
[32m2025-12-29 14:42:20 - BoofuzzBaseline - INFO - [700/1000] crashes=113, CVEs=414, rate=40.41/s, elapsed=17s[0m
2025-12-29 14:42:20,986 - BoofuzzBaseline - INFO - [700/1000] crashes=113, CVEs=414, rate=40.41/s, elapsed=17s
[32m2025-12-29 14:42:21 - BoofuzzBaseline - INFO - [710/1000] crashes=115, CVEs=418, rate=40.67/s, elapsed=17s[0m
2025-12-29 14:42:21,121 - BoofuzzBaseline - INFO - [710/1000] crashes=115, CVEs=418, rate=40.67/s, elapsed=17s
[32m2025-12-29 14:42:21 - BoofuzzBaseline - INFO - [720/1000] crashes=118, CVEs=426, rate=40.92/s, elapsed=18s[0m
2025-12-29 14:42:21,256 - BoofuzzBaseline - INFO - [720/1000] crashes=118, CVEs=426, rate=40.92/s, elapsed=18s
[32m2025-12-29 14:42:21 - BoofuzzBaseline - INFO - [730/1000] crashes=120, CVEs=434, rate=41.18/s, elapsed=18s[0m
2025-12-29 14:42:21,389 - BoofuzzBaseline - INFO - [730/1000] crashes=120, CVEs=434, rate=41.18/s, elapsed=18s
[32m2025-12-29 14:42:21 - BoofuzzBaseline - INFO - [740/1000] crashes=120, CVEs=442, rate=41.45/s, elapsed=18s[0m
2025-12-29 14:42:21,514 - BoofuzzBaseline - INFO - [740/1000] crashes=120, CVEs=442, rate=41.45/s, elapsed=18s
[32m2025-12-29 14:42:21 - BoofuzzBaseline - INFO - [750/1000] crashes=124, CVEs=449, rate=41.69/s, elapsed=18s[0m
2025-12-29 14:42:21,651 - BoofuzzBaseline - INFO - [750/1000] crashes=124, CVEs=449, rate=41.69/s, elapsed=18s
[32m2025-12-29 14:42:21 - BoofuzzBaseline - INFO - [760/1000] crashes=128, CVEs=456, rate=41.94/s, elapsed=18s[0m
2025-12-29 14:42:21,783 - BoofuzzBaseline - INFO - [760/1000] crashes=128, CVEs=456, rate=41.94/s, elapsed=18s
[32m2025-12-29 14:42:21 - BoofuzzBaseline - INFO - [770/1000] crashes=130, CVEs=463, rate=42.18/s, elapsed=18s[0m
2025-12-29 14:42:21,919 - BoofuzzBaseline - INFO - [770/1000] crashes=130, CVEs=463, rate=42.18/s, elapsed=18s
[32m2025-12-29 14:42:22 - BoofuzzBaseline - INFO - [780/1000] crashes=130, CVEs=470, rate=42.39/s, elapsed=18s[0m
2025-12-29 14:42:22,061 - BoofuzzBaseline - INFO - [780/1000] crashes=130, CVEs=470, rate=42.39/s, elapsed=18s
[32m2025-12-29 14:42:22 - BoofuzzBaseline - INFO - [790/1000] crashes=132, CVEs=478, rate=42.64/s, elapsed=19s[0m
2025-12-29 14:42:22,188 - BoofuzzBaseline - INFO - [790/1000] crashes=132, CVEs=478, rate=42.64/s, elapsed=19s
[32m2025-12-29 14:42:22 - BoofuzzBaseline - INFO - [800/1000] crashes=132, CVEs=487, rate=42.88/s, elapsed=19s[0m
2025-12-29 14:42:22,319 - BoofuzzBaseline - INFO - [800/1000] crashes=132, CVEs=487, rate=42.88/s, elapsed=19s
[32m2025-12-29 14:42:22 - BoofuzzBaseline - INFO - [810/1000] crashes=132, CVEs=491, rate=43.14/s, elapsed=19s[0m
2025-12-29 14:42:22,440 - BoofuzzBaseline - INFO - [810/1000] crashes=132, CVEs=491, rate=43.14/s, elapsed=19s
[32m2025-12-29 14:42:22 - BoofuzzBaseline - INFO - [820/1000] crashes=134, CVEs=497, rate=43.37/s, elapsed=19s[0m
2025-12-29 14:42:22,568 - BoofuzzBaseline - INFO - [820/1000] crashes=134, CVEs=497, rate=43.37/s, elapsed=19s
[32m2025-12-29 14:42:22 - BoofuzzBaseline - INFO - [830/1000] crashes=136, CVEs=505, rate=43.61/s, elapsed=19s[0m
2025-12-29 14:42:22,696 - BoofuzzBaseline - INFO - [830/1000] crashes=136, CVEs=505, rate=43.61/s, elapsed=19s
[32m2025-12-29 14:42:22 - BoofuzzBaseline - INFO - [840/1000] crashes=138, CVEs=512, rate=43.83/s, elapsed=19s[0m
2025-12-29 14:42:22,828 - BoofuzzBaseline - INFO - [840/1000] crashes=138, CVEs=512, rate=43.83/s, elapsed=19s
[32m2025-12-29 14:42:22 - BoofuzzBaseline - INFO - [850/1000] crashes=142, CVEs=519, rate=44.04/s, elapsed=19s[0m
2025-12-29 14:42:22,962 - BoofuzzBaseline - INFO - [850/1000] crashes=142, CVEs=519, rate=44.04/s, elapsed=19s
[32m2025-12-29 14:42:23 - BoofuzzBaseline - INFO - [860/1000] crashes=143, CVEs=527, rate=44.26/s, elapsed=19s[0m
2025-12-29 14:42:23,094 - BoofuzzBaseline - INFO - [860/1000] crashes=143, CVEs=527, rate=44.26/s, elapsed=19s
[32m2025-12-29 14:42:23 - BoofuzzBaseline - INFO - [870/1000] crashes=146, CVEs=534, rate=44.47/s, elapsed=20s[0m
2025-12-29 14:42:23,226 - BoofuzzBaseline - INFO - [870/1000] crashes=146, CVEs=534, rate=44.47/s, elapsed=20s
[32m2025-12-29 14:42:23 - BoofuzzBaseline - INFO - [880/1000] crashes=147, CVEs=541, rate=44.69/s, elapsed=20s[0m
2025-12-29 14:42:23,354 - BoofuzzBaseline - INFO - [880/1000] crashes=147, CVEs=541, rate=44.69/s, elapsed=20s
[32m2025-12-29 14:42:23 - BoofuzzBaseline - INFO - [890/1000] crashes=149, CVEs=550, rate=44.90/s, elapsed=20s[0m
2025-12-29 14:42:23,486 - BoofuzzBaseline - INFO - [890/1000] crashes=149, CVEs=550, rate=44.90/s, elapsed=20s
[32m2025-12-29 14:42:23 - BoofuzzBaseline - INFO - [900/1000] crashes=150, CVEs=556, rate=45.11/s, elapsed=20s[0m
2025-12-29 14:42:23,614 - BoofuzzBaseline - INFO - [900/1000] crashes=150, CVEs=556, rate=45.11/s, elapsed=20s
[32m2025-12-29 14:42:23 - BoofuzzBaseline - INFO - [910/1000] crashes=153, CVEs=565, rate=45.32/s, elapsed=20s[0m
2025-12-29 14:42:23,742 - BoofuzzBaseline - INFO - [910/1000] crashes=153, CVEs=565, rate=45.32/s, elapsed=20s
[32m2025-12-29 14:42:23 - BoofuzzBaseline - INFO - [920/1000] crashes=154, CVEs=570, rate=45.54/s, elapsed=20s[0m
2025-12-29 14:42:23,867 - BoofuzzBaseline - INFO - [920/1000] crashes=154, CVEs=570, rate=45.54/s, elapsed=20s
[32m2025-12-29 14:42:23 - BoofuzzBaseline - INFO - [930/1000] crashes=155, CVEs=573, rate=45.75/s, elapsed=20s[0m
2025-12-29 14:42:23,991 - BoofuzzBaseline - INFO - [930/1000] crashes=155, CVEs=573, rate=45.75/s, elapsed=20s
[32m2025-12-29 14:42:24 - BoofuzzBaseline - INFO - [940/1000] crashes=157, CVEs=583, rate=45.95/s, elapsed=20s[0m
2025-12-29 14:42:24,120 - BoofuzzBaseline - INFO - [940/1000] crashes=157, CVEs=583, rate=45.95/s, elapsed=20s
[32m2025-12-29 14:42:24 - BoofuzzBaseline - INFO - [950/1000] crashes=159, CVEs=596, rate=46.14/s, elapsed=21s[0m
2025-12-29 14:42:24,254 - BoofuzzBaseline - INFO - [950/1000] crashes=159, CVEs=596, rate=46.14/s, elapsed=21s
[32m2025-12-29 14:42:24 - BoofuzzBaseline - INFO - [960/1000] crashes=161, CVEs=602, rate=46.33/s, elapsed=21s[0m
2025-12-29 14:42:24,386 - BoofuzzBaseline - INFO - [960/1000] crashes=161, CVEs=602, rate=46.33/s, elapsed=21s
[32m2025-12-29 14:42:24 - BoofuzzBaseline - INFO - [970/1000] crashes=163, CVEs=611, rate=46.51/s, elapsed=21s[0m
2025-12-29 14:42:24,520 - BoofuzzBaseline - INFO - [970/1000] crashes=163, CVEs=611, rate=46.51/s, elapsed=21s
[32m2025-12-29 14:42:24 - BoofuzzBaseline - INFO - [980/1000] crashes=166, CVEs=618, rate=46.69/s, elapsed=21s[0m
2025-12-29 14:42:24,653 - BoofuzzBaseline - INFO - [980/1000] crashes=166, CVEs=618, rate=46.69/s, elapsed=21s
[32m2025-12-29 14:42:24 - BoofuzzBaseline - INFO - [990/1000] crashes=169, CVEs=624, rate=46.87/s, elapsed=21s[0m
2025-12-29 14:42:24,783 - BoofuzzBaseline - INFO - [990/1000] crashes=169, CVEs=624, rate=46.87/s, elapsed=21s
[32m2025-12-29 14:42:24 - BoofuzzBaseline - INFO - [1000/1000] crashes=169, CVEs=630, rate=47.07/s, elapsed=21s[0m
2025-12-29 14:42:24,908 - BoofuzzBaseline - INFO - [1000/1000] crashes=169, CVEs=630, rate=47.07/s, elapsed=21s
----------------------------------------------------------------------

✓ Test completed!
Duration: 21.3 seconds (0.4 minutes)

======================================================================
HTTP VULNERABILITY TEST RESULTS
======================================================================

Iterations Completed: 1000
Total Crashes: 169
CVE Triggers: 630
Unique CVEs Found: 10
Errors: 135
Timeouts: 4
Average Rate: 47.05 req/s

CVE Breakdown:
  CVE-2024-23897: 113 triggers (17.9%)
  CVE-2024-53677: 99 triggers (15.7%)
  CVE-2024-4577: 91 triggers (14.4%)
  CVE-2024-50379: 90 triggers (14.3%)
  CVE-2025-24813: 88 triggers (14.0%)
  CVE-2024-38477: 48 triggers (7.6%)
  CVE-2024-24795: 36 triggers (5.7%)
  CVE-2024-27316: 29 triggers (4.6%)
  CVE-2024-38476: 28 triggers (4.4%)
  CVE-2024-21733: 8 triggers (1.3%)

Results saved to: results/http_crashes/http_test_1000_20251229_144224.json

======================================================================
Stopping HTTP server...
✓ Server stopped
======================================================================

